# JRE version: OpenJDK Runtime Environment Temurin-17.0.10+7 (17.0.10+7) (build 17.0.10+7)
# Java VM: OpenJDK 64-Bit Server VM Temurin-17.0.10+7 (17.0.10+7, mixed mode, sharing, tiered, compressed oops, compressed class ptrs, g1 gc, windows-amd64)
GC Precious Log:
 CPUs: 4 total, 4 available
 Memory: 16293M
 Large Page Support: Disabled
 NUMA Support: Disabled
 Compressed Oops: Enabled (32-bit)
 Heap Region Size: 1M
 Heap Min Capacity: 8M
 Heap Initial Capacity: 256M
 Heap Max Capacity: 2G
 Pre-touch: Disabled
 Parallel Workers: 4
 Concurrent Workers: 1
 Concurrent Refinement Workers: 4
 Periodic GC: Disabled
Heap:
 garbage-first heap   total 317440K, used 196079K [0x0000000080000000, 0x0000000100000000)
  region size 1024K, 7 young (7168K), 7 survivors (7168K)
 Metaspace       used 100150K, committed 101504K, reserved 557056K
  class space    used 13774K, committed 14400K, reserved 425984K
GC Heap History (20 events):
Event: 55.634 GC heap after
{Heap after GC invocations=50 (full 0):
 garbage-first heap   total 158720K, used 98275K [0x0000000080000000, 0x0000000100000000)
  region size 1024K, 1 young (1024K), 1 survivors (1024K)
 Metaspace       used 80937K, committed 81792K, reserved 557056K
  class space    used 11332K, committed 11712K, reserved 425984K
}
Event: 56.063 GC heap before
{Heap before GC invocations=50 (full 0):
 garbage-first heap   total 158720K, used 126947K [0x0000000080000000, 0x0000000100000000)
  region size 1024K, 29 young (29696K), 1 survivors (1024K)
 Metaspace       used 82180K, committed 83072K, reserved 557056K
  class space    used 11485K, committed 11904K, reserved 425984K
}
Event: 56.071 GC heap after
{Heap after GC invocations=51 (full 0):
 garbage-first heap   total 317440K, used 102977K [0x0000000080000000, 0x0000000100000000)
  region size 1024K, 4 young (4096K), 4 survivors (4096K)
 Metaspace       used 82180K, committed 83072K, reserved 557056K
  class space    used 11485K, committed 11904K, reserved 425984K
}
Event: 58.993 GC heap before
{Heap before GC invocations=52 (full 0):
 garbage-first heap   total 317440K, used 234049K [0x0000000080000000, 0x0000000100000000)
  region size 1024K, 117 young (119808K), 4 survivors (4096K)
 Metaspace       used 86887K, committed 87936K, reserved 557056K
  class space    used 12058K, committed 12544K, reserved 425984K
}
Event: 59.021 GC heap after
{Heap after GC invocations=53 (full 0):
 garbage-first heap   total 317440K, used 145018K [0x0000000080000000, 0x0000000100000000)
  region size 1024K, 15 young (15360K), 15 survivors (15360K)
 Metaspace       used 86887K, committed 87936K, reserved 557056K
  class space    used 12058K, committed 12544K, reserved 425984K
}
Event: 59.029 GC heap before
{Heap before GC invocations=53 (full 0):
 garbage-first heap   total 317440K, used 146042K [0x0000000080000000, 0x0000000100000000)
  region size 1024K, 16 young (16384K), 15 survivors (15360K)
 Metaspace       used 86896K, committed 88000K, reserved 557056K
  class space    used 12058K, committed 12544K, reserved 425984K
}
Event: 59.040 GC heap after
{Heap after GC invocations=54 (full 0):
 garbage-first heap   total 317440K, used 146323K [0x0000000080000000, 0x0000000100000000)
  region size 1024K, 1 young (1024K), 1 survivors (1024K)
 Metaspace       used 86896K, committed 88000K, reserved 557056K
  class space    used 12058K, committed 12544K, reserved 425984K
}
Event: 59.775 GC heap before
{Heap before GC invocations=54 (full 0):
 garbage-first heap   total 317440K, used 178067K [0x0000000080000000, 0x0000000100000000)
  region size 1024K, 33 young (33792K), 1 survivors (1024K)
 Metaspace       used 87555K, committed 88768K, reserved 557056K
  class space    used 12180K, committed 12736K, reserved 425984K
}
Event: 59.783 GC heap after
{Heap after GC invocations=55 (full 0):
 garbage-first heap   total 317440K, used 154396K [0x0000000080000000, 0x0000000100000000)
  region size 1024K, 9 young (9216K), 9 survivors (9216K)
 Metaspace       used 87555K, committed 88768K, reserved 557056K
  class space    used 12180K, committed 12736K, reserved 425984K
}
Event: 61.610 GC heap before
{Heap before GC invocations=56 (full 0):
 garbage-first heap   total 317440K, used 240412K [0x0000000080000000, 0x0000000100000000)
  region size 1024K, 89 young (91136K), 9 survivors (9216K)
 Metaspace       used 95250K, committed 96512K, reserved 557056K
  class space    used 13228K, committed 13824K, reserved 425984K
}
Event: 61.624 GC heap after
{Heap after GC invocations=57 (full 0):
 garbage-first heap   total 317440K, used 166739K [0x0000000080000000, 0x0000000100000000)
  region size 1024K, 9 young (9216K), 9 survivors (9216K)
 Metaspace       used 95250K, committed 96512K, reserved 557056K
  class space    used 13228K, committed 13824K, reserved 425984K
}
Event: 61.743 GC heap before
{Heap before GC invocations=57 (full 0):
 garbage-first heap   total 317440K, used 172883K [0x0000000080000000, 0x0000000100000000)
  region size 1024K, 15 young (15360K), 9 survivors (9216K)
 Metaspace       used 95716K, committed 97024K, reserved 557056K
  class space    used 13299K, committed 13888K, reserved 425984K
}
Event: 61.752 GC heap after
{Heap after GC invocations=58 (full 0):
 garbage-first heap   total 317440K, used 166585K [0x0000000080000000, 0x0000000100000000)
  region size 1024K, 2 young (2048K), 2 survivors (2048K)
 Metaspace       used 95716K, committed 97024K, reserved 557056K
  class space    used 13299K, committed 13888K, reserved 425984K
}
Event: 63.123 GC heap before
{Heap before GC invocations=58 (full 0):
 garbage-first heap   total 317440K, used 244409K [0x0000000080000000, 0x0000000100000000)
  region size 1024K, 78 young (79872K), 2 survivors (2048K)
 Metaspace       used 96930K, committed 98240K, reserved 557056K
  class space    used 13411K, committed 14016K, reserved 425984K
}
Event: 63.142 GC heap after
{Heap after GC invocations=59 (full 0):
 garbage-first heap   total 317440K, used 181248K [0x0000000080000000, 0x0000000100000000)
  region size 1024K, 10 young (10240K), 10 survivors (10240K)
 Metaspace       used 96930K, committed 98240K, reserved 557056K
  class space    used 13411K, committed 14016K, reserved 425984K
}
Event: 64.478 GC heap before
{Heap before GC invocations=60 (full 0):
 garbage-first heap   total 317440K, used 249856K [0x0000000080000000, 0x0000000100000000)
  region size 1024K, 77 young (78848K), 10 survivors (10240K)
 Metaspace       used 97379K, committed 98688K, reserved 557056K
  class space    used 13451K, committed 14080K, reserved 425984K
}
Event: 64.503 GC heap after
{Heap after GC invocations=61 (full 0):
 garbage-first heap   total 317440K, used 190827K [0x0000000080000000, 0x0000000100000000)
  region size 1024K, 9 young (9216K), 9 survivors (9216K)
 Metaspace       used 97379K, committed 98688K, reserved 557056K
  class space    used 13451K, committed 14080K, reserved 425984K
}
Event: 64.585 GC heap before
{Heap before GC invocations=61 (full 0):
 garbage-first heap   total 317440K, used 196971K [0x0000000080000000, 0x0000000100000000)
  region size 1024K, 15 young (15360K), 9 survivors (9216K)
 Metaspace       used 97609K, committed 98880K, reserved 557056K
  class space    used 13466K, committed 14080K, reserved 425984K
}
Event: 64.599 GC heap after
{Heap after GC invocations=62 (full 0):
 garbage-first heap   total 317440K, used 190873K [0x0000000080000000, 0x0000000100000000)
  region size 1024K, 2 young (2048K), 2 survivors (2048K)
 Metaspace       used 97609K, committed 98880K, reserved 557056K
  class space    used 13466K, committed 14080K, reserved 425984K
}
Event: 65.300 GC heap before
{Heap before GC invocations=62 (full 0):
 garbage-first heap   total 317440K, used 254361K [0x0000000080000000, 0x0000000100000000)
  region size 1024K, 64 young (65536K), 2 survivors (2048K)
 Metaspace       used 100150K, committed 101504K, reserved 557056K
  class space    used 13774K, committed 14400K, reserved 425984K
}

