# JRE version: OpenJDK Runtime Environment Temurin-17.0.10+7 (17.0.10+7) (build 17.0.10+7)
# Java VM: OpenJDK 64-Bit Server VM Temurin-17.0.10+7 (17.0.10+7, mixed mode, sharing, tiered, compressed oops, compressed class ptrs, g1 gc, windows-amd64)
GC Precious Log:
 CPUs: 4 total, 4 available
 Memory: 16293M
 Large Page Support: Disabled
 NUMA Support: Disabled
 Compressed Oops: Enabled (Zero based)
 Heap Region Size: 2M
 Heap Min Capacity: 8M
 Heap Initial Capacity: 256M
 Heap Max Capacity: 4074M
 Pre-touch: Disabled
 Parallel Workers: 4
 Concurrent Workers: 1
 Concurrent Refinement Workers: 4
 Periodic GC: Disabled
Heap:
 garbage-first heap   total 321536K, used 197255K [0x0000000701600000, 0x0000000800000000)
  region size 2048K, 51 young (104448K), 1 survivors (2048K)
 Metaspace       used 80471K, committed 80768K, reserved 1179648K
  class space    used 8587K, committed 8704K, reserved 1048576K
GC Heap History (20 events):
Event: 28.356 GC heap before
{Heap before GC invocations=26 (full 0):
 garbage-first heap   total 151552K, used 122063K [0x0000000701600000, 0x0000000800000000)
  region size 2048K, 18 young (36864K), 2 survivors (4096K)
 Metaspace       used 58529K, committed 58816K, reserved 1114112K
  class space    used 6671K, committed 6848K, reserved 1048576K
}
Event: 28.363 GC heap after
{Heap after GC invocations=27 (full 0):
 garbage-first heap   total 151552K, used 91060K [0x0000000701600000, 0x0000000800000000)
  region size 2048K, 3 young (6144K), 3 survivors (6144K)
 Metaspace       used 58529K, committed 58816K, reserved 1114112K
  class space    used 6671K, committed 6848K, reserved 1048576K
}
Event: 29.232 GC heap before
{Heap before GC invocations=28 (full 0):
 garbage-first heap   total 163840K, used 123828K [0x0000000701600000, 0x0000000800000000)
  region size 2048K, 19 young (38912K), 3 survivors (6144K)
 Metaspace       used 58802K, committed 59072K, reserved 1114112K
  class space    used 6682K, committed 6848K, reserved 1048576K
}
Event: 29.240 GC heap after
{Heap after GC invocations=29 (full 0):
 garbage-first heap   total 163840K, used 91804K [0x0000000701600000, 0x0000000800000000)
  region size 2048K, 2 young (4096K), 2 survivors (4096K)
 Metaspace       used 58802K, committed 59072K, reserved 1114112K
  class space    used 6682K, committed 6848K, reserved 1048576K
}
Event: 30.970 GC heap before
{Heap before GC invocations=29 (full 0):
 garbage-first heap   total 163840K, used 134812K [0x0000000701600000, 0x0000000800000000)
  region size 2048K, 23 young (47104K), 2 survivors (4096K)
 Metaspace       used 65642K, committed 65920K, reserved 1114112K
  class space    used 7353K, committed 7488K, reserved 1048576K
}
Event: 30.978 GC heap after
{Heap after GC invocations=30 (full 0):
 garbage-first heap   total 163840K, used 94011K [0x0000000701600000, 0x0000000800000000)
  region size 2048K, 3 young (6144K), 3 survivors (6144K)
 Metaspace       used 65642K, committed 65920K, reserved 1114112K
  class space    used 7353K, committed 7488K, reserved 1048576K
}
Event: 32.300 GC heap before
{Heap before GC invocations=31 (full 0):
 garbage-first heap   total 163840K, used 134971K [0x0000000701600000, 0x0000000800000000)
  region size 2048K, 23 young (47104K), 3 survivors (6144K)
 Metaspace       used 66495K, committed 66752K, reserved 1114112K
  class space    used 7393K, committed 7552K, reserved 1048576K
}
Event: 32.313 GC heap after
{Heap after GC invocations=32 (full 0):
 garbage-first heap   total 163840K, used 97349K [0x0000000701600000, 0x0000000800000000)
  region size 2048K, 3 young (6144K), 3 survivors (6144K)
 Metaspace       used 66495K, committed 66752K, reserved 1114112K
  class space    used 7393K, committed 7552K, reserved 1048576K
}
Event: 32.364 GC heap before
{Heap before GC invocations=32 (full 0):
 garbage-first heap   total 163840K, used 99397K [0x0000000701600000, 0x0000000800000000)
  region size 2048K, 4 young (8192K), 3 survivors (6144K)
 Metaspace       used 66507K, committed 66816K, reserved 1114112K
  class space    used 7394K, committed 7552K, reserved 1048576K
}
Event: 32.375 GC heap after
{Heap after GC invocations=33 (full 0):
 garbage-first heap   total 163840K, used 97093K [0x0000000701600000, 0x0000000800000000)
  region size 2048K, 1 young (2048K), 1 survivors (2048K)
 Metaspace       used 66507K, committed 66816K, reserved 1114112K
  class space    used 7394K, committed 7552K, reserved 1048576K
}
Event: 33.064 GC heap before
{Heap before GC invocations=33 (full 0):
 garbage-first heap   total 163840K, used 136005K [0x0000000701600000, 0x0000000800000000)
  region size 2048K, 20 young (40960K), 1 survivors (2048K)
 Metaspace       used 66634K, committed 66944K, reserved 1114112K
  class space    used 7394K, committed 7552K, reserved 1048576K
}
Event: 33.070 GC heap after
{Heap after GC invocations=34 (full 0):
 garbage-first heap   total 163840K, used 99636K [0x0000000701600000, 0x0000000800000000)
  region size 2048K, 2 young (4096K), 2 survivors (4096K)
 Metaspace       used 66634K, committed 66944K, reserved 1114112K
  class space    used 7394K, committed 7552K, reserved 1048576K
}
Event: 33.904 GC heap before
{Heap before GC invocations=35 (full 0):
 garbage-first heap   total 184320K, used 136500K [0x0000000701600000, 0x0000000800000000)
  region size 2048K, 20 young (40960K), 2 survivors (4096K)
 Metaspace       used 68937K, committed 69184K, reserved 1114112K
  class space    used 7601K, committed 7744K, reserved 1048576K
}
Event: 33.910 GC heap after
{Heap after GC invocations=36 (full 0):
 garbage-first heap   total 184320K, used 103454K [0x0000000701600000, 0x0000000800000000)
  region size 2048K, 2 young (4096K), 2 survivors (4096K)
 Metaspace       used 68937K, committed 69184K, reserved 1114112K
  class space    used 7601K, committed 7744K, reserved 1048576K
}
Event: 35.103 GC heap before
{Heap before GC invocations=36 (full 0):
 garbage-first heap   total 184320K, used 150558K [0x0000000701600000, 0x0000000800000000)
  region size 2048K, 25 young (51200K), 2 survivors (4096K)
 Metaspace       used 74714K, committed 74944K, reserved 1179648K
  class space    used 8197K, committed 8320K, reserved 1048576K
}
Event: 35.111 GC heap after
{Heap after GC invocations=37 (full 0):
 garbage-first heap   total 184320K, used 105190K [0x0000000701600000, 0x0000000800000000)
  region size 2048K, 3 young (6144K), 3 survivors (6144K)
 Metaspace       used 74714K, committed 74944K, reserved 1179648K
  class space    used 8197K, committed 8320K, reserved 1048576K
}
Event: 35.664 GC heap before
{Heap before GC invocations=38 (full 0):
 garbage-first heap   total 194560K, used 148198K [0x0000000701600000, 0x0000000800000000)
  region size 2048K, 25 young (51200K), 3 survivors (6144K)
 Metaspace       used 75024K, committed 75264K, reserved 1179648K
  class space    used 8200K, committed 8320K, reserved 1048576K
}
Event: 35.675 GC heap after
{Heap after GC invocations=39 (full 0):
 garbage-first heap   total 194560K, used 106486K [0x0000000701600000, 0x0000000800000000)
  region size 2048K, 3 young (6144K), 3 survivors (6144K)
 Metaspace       used 75024K, committed 75264K, reserved 1179648K
  class space    used 8200K, committed 8320K, reserved 1048576K
}
Event: 35.687 GC heap before
{Heap before GC invocations=39 (full 0):
 garbage-first heap   total 194560K, used 108534K [0x0000000701600000, 0x0000000800000000)
  region size 2048K, 4 young (8192K), 3 survivors (6144K)
 Metaspace       used 75024K, committed 75264K, reserved 1179648K
  class space    used 8200K, committed 8320K, reserved 1048576K
}
Event: 35.700 GC heap after
{Heap after GC invocations=40 (full 0):
 garbage-first heap   total 321536K, used 96903K [0x0000000701600000, 0x0000000800000000)
  region size 2048K, 1 young (2048K), 1 survivors (2048K)
 Metaspace       used 75024K, committed 75264K, reserved 1179648K
  class space    used 8200K, committed 8320K, reserved 1048576K
}

